#
# There is insufficient memory for the Java Runtime Environment to continue.
# Native memory allocation (malloc) failed to allocate 32744 bytes for ChunkPool::allocate
# Possible reasons:
#   The system is out of physical RAM or swap space
#   In 32 bit mode, the process size limit was hit
# Possible solutions:
#   Reduce memory load on the system
#   Increase physical memory or swap space
#   Check if swap backing store is full
#   Use 64 bit Java on a 64 bit OS
#   Decrease Java heap size (-Xmx/-Xms)
#   Decrease number of Java threads
#   Decrease Java thread stack sizes (-Xss)
#   Set larger code cache with -XX:ReservedCodeCacheSize=
# This output file may be truncated or incomplete.
#
#  Out of Memory Error (allocation.cpp:273), pid=8936, tid=0x00000000000005c8
#
# JRE version: Java(TM) SE Runtime Environment (8.0_144-b01) (build 1.8.0_144-b01)
# Java VM: Java HotSpot(TM) 64-Bit Server VM (25.144-b01 mixed mode windows-amd64 compressed oops)
# Failed to write core dump. Minidumps are not enabled by default on client versions of Windows
#

---------------  T H R E A D  ---------------

Current thread (0x0000000017555000):  JavaThread "C2 CompilerThread0" daemon [_thread_in_native, id=1480, stack(0x0000000018570000,0x0000000018670000)]

Stack: [0x0000000018570000,0x0000000018670000]
[error occurred during error reporting (printing stack bounds), id 0xc0000005]

Native frames: (J=compiled Java code, j=interpreted, Vv=VM code, C=native code)


Current CompileTask:
C2: 185217  892       4       java.lang.ref.ReferenceQueue::reallyPoll (66 bytes)


---------------  P R O C E S S  ---------------

Java Threads: ( => current thread )
  0x0000000002a73800 JavaThread "DestroyJavaVM" [_thread_blocked, id=7352, stack(0x0000000002910000,0x0000000002a10000)]
  0x00000000192c6000 JavaThread "pool-1-thread-1" [_thread_blocked, id=10328, stack(0x0000000019bb0000,0x0000000019cb0000)]
  0x00000000191e2000 JavaThread "Abandoned connection cleanup thread" daemon [_thread_blocked, id=6976, stack(0x0000000019570000,0x0000000019670000)]
  0x00000000175ee000 JavaThread "Service Thread" daemon [_thread_blocked, id=7808, stack(0x0000000018b70000,0x0000000018c70000)]
  0x00000000175eb800 JavaThread "C1 CompilerThread1" daemon [_thread_blocked, id=5112, stack(0x0000000018a70000,0x0000000018b70000)]
=>0x0000000017555000 JavaThread "C2 CompilerThread0" daemon [_thread_in_native, id=1480, stack(0x0000000018570000,0x0000000018670000)]
  0x0000000017554000 JavaThread "Attach Listener" daemon [_thread_blocked, id=6620, stack(0x0000000018470000,0x0000000018570000)]
  0x000000001759f800 JavaThread "Signal Dispatcher" daemon [_thread_blocked, id=9292, stack(0x0000000018370000,0x0000000018470000)]
  0x0000000017538800 JavaThread "Finalizer" daemon [_thread_blocked, id=8464, stack(0x0000000018190000,0x0000000018290000)]
  0x0000000002b5f800 JavaThread "Reference Handler" daemon [_thread_blocked, id=3688, stack(0x0000000018090000,0x0000000018190000)]

Other Threads:
  0x0000000017516000 VMThread [stack: 0x0000000017f90000,0x0000000018090000] [id=9624]
  0x00000000186a9000 WatcherThread [stack: 0x0000000018c70000,0x0000000018d70000] [id=10400]

VM state:not at safepoint (normal execution)

VM Mutex/Monitor currently owned by a thread: None

Heap:
 PSYoungGen      total 38400K, used 31722K [0x00000000d5580000, 0x00000000d8000000, 0x0000000100000000)
  eden space 33280K, 79% used [0x00000000d5580000,0x00000000d6f7e400,0x00000000d7600000)
  from space 5120K, 99% used [0x00000000d7b00000,0x00000000d7ffc588,0x00000000d8000000)
  to   space 5120K, 0% used [0x00000000d7600000,0x00000000d7600000,0x00000000d7b00000)
 ParOldGen       total 87552K, used 1480K [0x0000000080000000, 0x0000000085580000, 0x00000000d5580000)
  object space 87552K, 1% used [0x0000000080000000,0x0000000080172370,0x0000000085580000)
 Metaspace       used 15230K, capacity 15342K, committed 15616K, reserved 1062912K
  class space    used 1911K, capacity 1937K, committed 2048K, reserved 1048576K

Card table byte_map: [0x0000000011f30000,0x0000000012340000] byte_map_base: 0x0000000011b30000

Marking Bits: (ParMarkBitMap*) 0x00000000666cd850
 Begin Bits: [0x00000000127f0000, 0x00000000147f0000)
 End Bits:   [0x00000000147f0000, 0x00000000167f0000)

Polling page: 0x0000000001170000

CodeCache: size=245760Kb used=3414Kb max_used=3426Kb free=242345Kb
 bounds [0x0000000002b70000, 0x0000000002ed0000, 0x0000000011b70000]
 total_blobs=1296 nmethods=891 adapters=320
 compilation: enabled

Compilation events (10 events):
Event: 5.343 Thread 0x00000000175eb800  888       2       java.lang.String::equalsIgnoreCase (48 bytes)
Event: 5.343 Thread 0x00000000175eb800 nmethod 888 0x0000000002ec0e50 code [0x0000000002ec0fc0, 0x0000000002ec11a8]
Event: 5.364 Thread 0x00000000175eb800  890   !   3       java.nio.charset.CharsetEncoder::encode (285 bytes)
Event: 5.366 Thread 0x00000000175eb800 nmethod 890 0x0000000002ec12d0 code [0x0000000002ec15a0, 0x0000000002ec2b98]
Event: 5.377 Thread 0x0000000017555000 nmethod 884 0x0000000002ec7ed0 code [0x0000000002ec81e0, 0x0000000002ec9f98]
Event: 5.377 Thread 0x0000000017555000  885       4       java.lang.String::regionMatches (149 bytes)
Event: 5.387 Thread 0x0000000017555000 nmethod 885 0x0000000002ec3910 code [0x0000000002ec3aa0, 0x0000000002ec4278]
Event: 5.387 Thread 0x0000000017555000  889       4       java.lang.Character::toUpperCase (6 bytes)
Event: 5.388 Thread 0x0000000017555000 nmethod 889 0x0000000002ec6ad0 code [0x0000000002ec6ce0, 0x0000000002ec6e38]
Event: 185.171 Thread 0x0000000017555000  892       4       java.lang.ref.ReferenceQueue::reallyPoll (66 bytes)

GC Heap History (4 events):
Event: 0.686 GC heap before
{Heap before GC invocations=1 (full 0):
 PSYoungGen      total 38400K, used 33280K [0x00000000d5580000, 0x00000000d8000000, 0x0000000100000000)
  eden space 33280K, 100% used [0x00000000d5580000,0x00000000d7600000,0x00000000d7600000)
  from space 5120K, 0% used [0x00000000d7b00000,0x00000000d7b00000,0x00000000d8000000)
  to   space 5120K, 0% used [0x00000000d7600000,0x00000000d7600000,0x00000000d7b00000)
 ParOldGen       total 87552K, used 0K [0x0000000080000000, 0x0000000085580000, 0x00000000d5580000)
  object space 87552K, 0% used [0x0000000080000000,0x0000000080000000,0x0000000085580000)
 Metaspace       used 6124K, capacity 6424K, committed 6784K, reserved 1056768K
  class space    used 740K, capacity 784K, committed 896K, reserved 1048576K
Event: 0.691 GC heap after
Heap after GC invocations=1 (full 0):
 PSYoungGen      total 38400K, used 3056K [0x00000000d5580000, 0x00000000d8000000, 0x0000000100000000)
  eden space 33280K, 0% used [0x00000000d5580000,0x00000000d5580000,0x00000000d7600000)
  from space 5120K, 59% used [0x00000000d7600000,0x00000000d78fc208,0x00000000d7b00000)
  to   space 5120K, 0% used [0x00000000d7b00000,0x00000000d7b00000,0x00000000d8000000)
 ParOldGen       total 87552K, used 8K [0x0000000080000000, 0x0000000085580000, 0x00000000d5580000)
  object space 87552K, 0% used [0x0000000080000000,0x0000000080002000,0x0000000085580000)
 Metaspace       used 6124K, capacity 6424K, committed 6784K, reserved 1056768K
  class space    used 740K, capacity 784K, committed 896K, reserved 1048576K
}
Event: 4.606 GC heap before
{Heap before GC invocations=2 (full 0):
 PSYoungGen      total 38400K, used 36336K [0x00000000d5580000, 0x00000000d8000000, 0x0000000100000000)
  eden space 33280K, 100% used [0x00000000d5580000,0x00000000d7600000,0x00000000d7600000)
  from space 5120K, 59% used [0x00000000d7600000,0x00000000d78fc208,0x00000000d7b00000)
  to   space 5120K, 0% used [0x00000000d7b00000,0x00000000d7b00000,0x00000000d8000000)
 ParOldGen       total 87552K, used 8K [0x0000000080000000, 0x0000000085580000, 0x00000000d5580000)
  object space 87552K, 0% used [0x0000000080000000,0x0000000080002000,0x0000000085580000)
 Metaspace       used 12402K, capacity 12494K, committed 12672K, reserved 1060864K
  class space    used 1558K, capacity 1585K, committed 1664K, reserved 1048576K
Event: 4.616 GC heap after
Heap after GC invocations=2 (full 0):
 PSYoungGen      total 38400K, used 5105K [0x00000000d5580000, 0x00000000d8000000, 0x0000000100000000)
  eden space 33280K, 0% used [0x00000000d5580000,0x00000000d5580000,0x00000000d7600000)
  from space 5120K, 99% used [0x00000000d7b00000,0x00000000d7ffc588,0x00000000d8000000)
  to   space 5120K, 0% used [0x00000000d7600000,0x00000000d7600000,0x00000000d7b00000)
 ParOldGen       total 87552K, used 1480K [0x0000000080000000, 0x0000000085580000, 0x00000000d5580000)
  object space 87552K, 1% used [0x0000000080000000,0x0000000080172370,0x0000000085580000)
 Metaspace       used 12402K, capacity 12494K, committed 12672K, reserved 1060864K
  class space    used 1558K, capacity 1585K, committed 1664K, reserved 1048576K
}

Deoptimization events (9 events):
Event: 0.609 Thread 0x0000000002a73800 Uncommon trap: reason=predicate action=maybe_recompile pc=0x0000000002d3b938 method=sun.net.www.ParseUtil.encodePath(Ljava/lang/String;Z)Ljava/lang/String; @ 36
Event: 0.611 Thread 0x0000000002a73800 Uncommon trap: reason=unstable_if action=reinterpret pc=0x0000000002d120dc method=sun.misc.MetaIndex.mayContain(Ljava/lang/String;)Z @ 13
Event: 0.638 Thread 0x0000000002a73800 Uncommon trap: reason=unstable_if action=reinterpret pc=0x0000000002d390b0 method=java.lang.String.lastIndexOf([CII[CIII)I @ 66
Event: 0.737 Thread 0x0000000002a73800 Uncommon trap: reason=unstable_if action=reinterpret pc=0x0000000002d7c320 method=sun.misc.MetaIndex.mayContain(Ljava/lang/String;)Z @ 38
Event: 1.008 Thread 0x0000000002a73800 Uncommon trap: reason=unstable_if action=reinterpret pc=0x0000000002d61a34 method=java.lang.AbstractStringBuilder.append(Ljava/lang/String;)Ljava/lang/AbstractStringBuilder; @ 1
Event: 4.397 Thread 0x0000000002a73800 Uncommon trap: reason=unstable_if action=reinterpret pc=0x0000000002d38870 method=java.lang.AbstractStringBuilder.append(Ljava/lang/String;)Ljava/lang/AbstractStringBuilder; @ 1
Event: 4.623 Thread 0x0000000002a73800 Uncommon trap: reason=predicate action=maybe_recompile pc=0x0000000002e5db60 method=java.lang.String.regionMatches(ZILjava/lang/String;II)Z @ 63
Event: 4.920 Thread 0x0000000002a73800 Uncommon trap: reason=unstable_if action=reinterpret pc=0x0000000002da0c64 method=java.io.WinNTFileSystem.normalize(Ljava/lang/String;)Ljava/lang/String; @ 128
Event: 5.292 Thread 0x0000000002a73800 Uncommon trap: reason=unstable_if action=reinterpret pc=0x0000000002c92440 method=java.lang.CharacterData.of(I)Ljava/lang/CharacterData; @ 4

Internal exceptions (10 events):
Event: 0.036 Thread 0x0000000002a73800 Exception <a 'java/lang/NoSuchMethodError': Method sun.misc.Unsafe.defineClass(Ljava/lang/String;[BII)Ljava/lang/Class; name or signature does not match> (0x00000000d5587ca8) thrown at [C:\re\workspace\8-2-build-windows-amd64-cygwin\jdk8u144\9417\hotspot\
Event: 0.036 Thread 0x0000000002a73800 Exception <a 'java/lang/NoSuchMethodError': Method sun.misc.Unsafe.prefetchRead(Ljava/lang/Object;J)V name or signature does not match> (0x00000000d5587f90) thrown at [C:\re\workspace\8-2-build-windows-amd64-cygwin\jdk8u144\9417\hotspot\src\share\vm\prims
Event: 0.611 Thread 0x0000000002a73800 Exception <a 'java/security/PrivilegedActionException'> (0x00000000d7231100) thrown at [C:\re\workspace\8-2-build-windows-amd64-cygwin\jdk8u144\9417\hotspot\src\share\vm\prims\jvm.cpp, line 1390]
Event: 0.611 Thread 0x0000000002a73800 Exception <a 'java/security/PrivilegedActionException'> (0x00000000d72314f8) thrown at [C:\re\workspace\8-2-build-windows-amd64-cygwin\jdk8u144\9417\hotspot\src\share\vm\prims\jvm.cpp, line 1390]
Event: 0.612 Thread 0x0000000002a73800 Exception <a 'java/security/PrivilegedActionException'> (0x00000000d7235538) thrown at [C:\re\workspace\8-2-build-windows-amd64-cygwin\jdk8u144\9417\hotspot\src\share\vm\prims\jvm.cpp, line 1390]
Event: 0.612 Thread 0x0000000002a73800 Exception <a 'java/security/PrivilegedActionException'> (0x00000000d7235930) thrown at [C:\re\workspace\8-2-build-windows-amd64-cygwin\jdk8u144\9417\hotspot\src\share\vm\prims\jvm.cpp, line 1390]
Event: 1.008 Thread 0x0000000002a73800 Implicit null exception at 0x0000000002d61696 to 0x0000000002d61a1d
Event: 4.397 Thread 0x0000000002a73800 Exception <a 'java/lang/NullPointerException'> (0x00000000d6b418d0) thrown at [C:\re\workspace\8-2-build-windows-amd64-cygwin\jdk8u144\9417\hotspot\src\share\vm\runtime\reflection.cpp, line 922]
Event: 4.397 Thread 0x0000000002a73800 Implicit null exception at 0x0000000002d384d6 to 0x0000000002d38859
Event: 4.649 Thread 0x0000000002a73800 Exception <a 'java/lang/NoClassDefFoundError': org/slf4j/impl/StaticLoggerBinder> (0x00000000d577ddb8) thrown at [C:\re\workspace\8-2-build-windows-amd64-cygwin\jdk8u144\9417\hotspot\src\share\vm\classfile\systemDictionary.cpp, line 199]

Events (10 events):
Event: 5.361 loading class org/hibernate/internal/CoreMessageLogger_$logger_en
Event: 5.361 loading class org/hibernate/internal/CoreMessageLogger_$logger_en done
Event: 5.361 loading class District
Event: 5.361 loading class District done
Event: 5.361 loading class District
Event: 5.361 loading class District done
Event: 5.362 loading class java/lang/Throwable$WrappedPrintStream
Event: 5.362 loading class java/lang/Throwable$WrappedPrintStream done
Event: 5.366 Thread 0x0000000002a73800 Thread exited: 0x0000000002a73800
Event: 5.366 Thread 0x0000000002a73800 Thread added: 0x0000000002a73800


Dynamic libraries:
0x00007ff7c7780000 - 0x00007ff7c77b7000 	C:\Program Files\Java\jre1.8.0_144\bin\javaw.exe
0x00007ffe7cb50000 - 0x00007ffe7cd11000 	C:\Windows\SYSTEM32\ntdll.dll
0x00007ffe7a840000 - 0x00007ffe7a8ed000 	C:\Windows\system32\KERNEL32.DLL
0x00007ffe79460000 - 0x00007ffe79648000 	C:\Windows\system32\KERNELBASE.dll
0x00007ffe7a400000 - 0x00007ffe7a4a7000 	C:\Windows\system32\ADVAPI32.dll
0x00007ffe7acc0000 - 0x00007ffe7ad5d000 	C:\Windows\system32\msvcrt.dll
0x00007ffe7ac60000 - 0x00007ffe7acbb000 	C:\Windows\system32\sechost.dll
0x00007ffe7b310000 - 0x00007ffe7b42d000 	C:\Windows\system32\RPCRT4.dll
0x00007ffe7a1f0000 - 0x00007ffe7a346000 	C:\Windows\system32\USER32.dll
0x00007ffe7a910000 - 0x00007ffe7aa97000 	C:\Windows\system32\GDI32.dll
0x00007ffe72810000 - 0x00007ffe72a84000 	C:\Windows\WinSxS\amd64_microsoft.windows.common-controls_6595b64144ccf1df_6.0.10586.839_none_a2ddba30a539a2ae\COMCTL32.dll
0x00007ffe7a4b0000 - 0x00007ffe7a72e000 	C:\Windows\system32\combase.dll
0x00007ffe79310000 - 0x00007ffe7937a000 	C:\Windows\system32\bcryptPrimitives.dll
0x00007ffe7a3c0000 - 0x00007ffe7a3fb000 	C:\Windows\system32\IMM32.DLL
0x0000000065a80000 - 0x0000000065b52000 	C:\Program Files\Java\jre1.8.0_144\bin\msvcr100.dll
0x0000000065eb0000 - 0x000000006674d000 	C:\Program Files\Java\jre1.8.0_144\bin\server\jvm.dll
0x00007ffe7ac50000 - 0x00007ffe7ac58000 	C:\Windows\system32\PSAPI.DLL
0x00007ffe77990000 - 0x00007ffe77999000 	C:\Windows\SYSTEM32\WSOCK32.dll
0x00007ffe7ae70000 - 0x00007ffe7aedb000 	C:\Windows\system32\WS2_32.dll
0x00007ffe77930000 - 0x00007ffe77953000 	C:\Windows\SYSTEM32\WINMM.dll
0x00007ffe737c0000 - 0x00007ffe737ca000 	C:\Windows\SYSTEM32\VERSION.dll
0x00007ffe778d0000 - 0x00007ffe778fc000 	C:\Windows\SYSTEM32\WINMMBASE.dll
0x00007ffe79e70000 - 0x00007ffe79eb3000 	C:\Windows\system32\cfgmgr32.dll
0x0000000065ea0000 - 0x0000000065eaf000 	C:\Program Files\Java\jre1.8.0_144\bin\verify.dll
0x0000000065e70000 - 0x0000000065e99000 	C:\Program Files\Java\jre1.8.0_144\bin\java.dll
0x0000000065e50000 - 0x0000000065e66000 	C:\Program Files\Java\jre1.8.0_144\bin\zip.dll
0x00007ffe7b430000 - 0x00007ffe7c98c000 	C:\Windows\system32\SHELL32.dll
0x00007ffe79650000 - 0x00007ffe79c95000 	C:\Windows\system32\windows.storage.dll
0x00007ffe7a020000 - 0x00007ffe7a072000 	C:\Windows\system32\shlwapi.dll
0x00007ffe79170000 - 0x00007ffe7917f000 	C:\Windows\system32\kernel.appcore.dll
0x00007ffe79380000 - 0x00007ffe79435000 	C:\Windows\system32\shcore.dll
0x00007ffe791b0000 - 0x00007ffe791fb000 	C:\Windows\system32\powrprof.dll
0x00007ffe79190000 - 0x00007ffe791a4000 	C:\Windows\system32\profapi.dll
0x0000000066820000 - 0x000000006683a000 	C:\Program Files\Java\jre1.8.0_144\bin\net.dll
0x00007ffe78aa0000 - 0x00007ffe78afc000 	C:\Windows\system32\mswsock.dll
0x00007ffe77bb0000 - 0x00007ffe77c5a000 	C:\Windows\SYSTEM32\DNSAPI.dll
0x00007ffe7a080000 - 0x00007ffe7a088000 	C:\Windows\system32\NSI.dll
0x00007ffe71990000 - 0x00007ffe7199a000 	C:\Windows\System32\rasadhlp.dll
0x00007ffe72f60000 - 0x00007ffe72fc7000 	C:\Windows\System32\fwpuclnt.dll
0x00007ffe78d70000 - 0x00007ffe78d99000 	C:\Windows\SYSTEM32\bcrypt.dll
0x00007ffe78b50000 - 0x00007ffe78b67000 	C:\Windows\SYSTEM32\CRYPTSP.dll
0x00007ffe78780000 - 0x00007ffe787b4000 	C:\Windows\system32\rsaenh.dll
0x00007ffe788d0000 - 0x00007ffe788ef000 	C:\Windows\SYSTEM32\USERENV.dll
0x00007ffe78c70000 - 0x00007ffe78c7b000 	C:\Windows\SYSTEM32\CRYPTBASE.dll
0x00007ffe76660000 - 0x00007ffe76698000 	C:\Windows\SYSTEM32\IPHLPAPI.DLL
0x00007ffe733a0000 - 0x00007ffe733b6000 	C:\Windows\SYSTEM32\dhcpcsvc6.DLL
0x00007ffe73450000 - 0x00007ffe7346a000 	C:\Windows\SYSTEM32\dhcpcsvc.DLL
0x0000000066800000 - 0x0000000066811000 	C:\Program Files\Java\jre1.8.0_144\bin\nio.dll

VM Arguments:
jvm_args: -Dfile.encoding=MS874 
java_command: edu_district.test_application_section1.DistrictApplication
java_class_path (initial): C:\Users\Amjung\Documents\workspace-sts-testproject-3.9.0.RELEASE\edu_district\target\test-classes;C:\Users\Amjung\Documents\workspace-sts-testproject-3.9.0.RELEASE\edu_district\target\classes;C:\sts-bundle\Apache_tomcat8\lib\annotations-api.jar;C:\sts-bundle\Apache_tomcat8\lib\catalina-ant.jar;C:\sts-bundle\Apache_tomcat8\lib\catalina-ha.jar;C:\sts-bundle\Apache_tomcat8\lib\catalina-storeconfig.jar;C:\sts-bundle\Apache_tomcat8\lib\catalina-tribes.jar;C:\sts-bundle\Apache_tomcat8\lib\catalina.jar;C:\sts-bundle\Apache_tomcat8\lib\ecj-4.5.jar;C:\sts-bundle\Apache_tomcat8\lib\el-api.jar;C:\sts-bundle\Apache_tomcat8\lib\jasper-el.jar;C:\sts-bundle\Apache_tomcat8\lib\jasper.jar;C:\sts-bundle\Apache_tomcat8\lib\jsp-api.jar;C:\sts-bundle\Apache_tomcat8\lib\servlet-api.jar;C:\sts-bundle\Apache_tomcat8\lib\tomcat-api.jar;C:\sts-bundle\Apache_tomcat8\lib\tomcat-coyote.jar;C:\sts-bundle\Apache_tomcat8\lib\tomcat-dbcp.jar;C:\sts-bundle\Apache_tomcat8\lib\tomcat-i18n-es.jar;C:\sts-bundle\Apache_tomcat8\lib\tomcat-i18n-fr.jar;C:\sts-bundle\Apache_tomcat8\lib\tomcat-i18n-ja.jar;C:\sts-bundle\Apache_tomcat8\lib\tomcat-jdbc.jar;C:\sts-bundle\Apache_tomcat8\lib\tomcat-jni.jar;C:\sts-bundle\Apache_tomcat8\lib\tomcat-util-scan.jar;C:\sts-bundle\Apache_tomcat8\lib\tomcat-util.jar;C:\sts-bundle\Apache_tomcat8\lib\tomcat-websocket.jar;C:\sts-bundle\Apache_tomcat8\lib\websocket-api.jar;C:\Users\Amjung\.m2\repository\junit\junit\3.8.1\junit-3.8.1.jar;C:\Users\Amjung\.m2\repository\org\springframework\spring-webmvc\3.2.6.RELEASE\spring-webmvc-3.2.6.RELEASE.jar;C:\Users\Amjung\.m2\repository\org\springframework\spring-beans\3.2.6.RELEASE\spring-beans-3.2.6.RELEASE.jar;C:\Users\Amjung\.m2\repository\org\springframework\spring-context\3.2.6.RELEASE\spring-context-3.2.6.RELEASE.jar;C:\Users\Amjung\.m2\repository\org\springframework\spring-aop\3.2.6.RELEASE\spring-aop-3.2.6.RELEASE.jar;C:\Users\Amjung\.m2\repository\org\springframework\spring-core\3.2.6.RELEASE\spring
Launcher Type: SUN_STANDARD

Environment Variables:
JAVA_HOME=C:\Program Files\Java\jdk1.8.0_144
PATH=C:/Program Files/Java/jre1.8.0_144/bin/server;C:/Program Files/Java/jre1.8.0_144/bin;C:/Program Files/Java/jre1.8.0_144/lib/amd64;W:\app\Amjung\product\12.1.0\dbhome_1\bin;C:\ProgramData\Oracle\Java\javapath;C:\Program Files (x86)\AMD APP\bin\x86_64;C:\Program Files (x86)\AMD APP\bin\x86;C:\Windows\system32;C:\Windows;C:\Windows\System32\Wbem;C:\Windows\System32\WindowsPowerShell\v1.0\;C:\Program Files (x86)\ATI Technologies\ATI.ACE\Core-Static;C:\Program Files\Git\cmd;C:\Program Files\nodejs\;C:\Program Files (x86)\Windows Kits\8.1\Windows Performance Toolkit\;C:\Program Files\Microsoft SQL Server\110\Tools\Binn\;C:\Program Files\dotnet\;C:\Program Files\Microsoft SQL Server\Client SDK\ODBC\130\Tools\Binn\;C:\Program Files (x86)\Microsoft SQL Server\140\Tools\Binn\;C:\Program Files\Microsoft SQL Server\140\Tools\Binn\;C:\Program Files\Microsoft SQL Server\140\DTS\Binn\;C:\Program Files (x86)\NVIDIA Corporation\PhysX\Common;C:\Program Files\Microsoft VS Code\bin;C:\Program Files\Java\jdk1.8.0_144\bin;C:\groovy\groovy-2.5.0-beta-1\bin;C:\gradle\gradle-4.1\bin;C:\spring\spring-1.5.6.RELEASE\bin;C:\Users\Amjung\AppData\Roaming\npm;C:\Users\Amjung\AppData\Local\atom\bin;C:\Anaconda3;C:\Anaconda3\Lib\site-packages\conda_env\installers;C:\Anaconda3\Scripts;C:\sts-bundle\sts-3.9.0.RELEASE;
USERNAME=Amjung
OS=Windows_NT
PROCESSOR_IDENTIFIER=Intel64 Family 6 Model 23 Stepping 10, GenuineIntel



---------------  S Y S T E M  ---------------

OS: Windows 10.0 , 64 bit Build 10586 (10.0.10586.589)

CPU:total 2 (initial active 2) (2 cores per cpu, 1 threads per core) family 6 model 23 stepping 10, cmov, cx8, fxsr, mmx, sse, sse2, sse3, ssse3, sse4.1, tsc

Memory: 4k page, physical 8387700k(1781092k free), swap 14247840k(3048k free)

vm_info: Java HotSpot(TM) 64-Bit Server VM (25.144-b01) for windows-amd64 JRE (1.8.0_144-b01), built on Jul 21 2017 21:57:33 by "java_re" with MS VC++ 10.0 (VS2010)

time: Mon Apr 23 16:36:06 2018
elapsed time: 185 seconds (0d 0h 3m 5s)

